#
# A fatal error has been detected by the Java Runtime Environment:
#
#  Internal Error (classFileParser.cpp:3494), pid=2908, tid=4588
#  Error: ShouldNotReachHere()
#
# JRE version: 6.0_32-b05
# Java VM: Java HotSpot(TM) Client VM (20.7-b02 mixed mode windows-x86 )
# If you would like to submit a bug report, please visit:
#   http://java.sun.com/webapps/bugreport/crash.jsp
#

---------------  T H R E A D  ---------------

Current thread (0x0204a000):  JavaThread "Unknown thread" [_thread_in_vm, id=4588, stack(0x00270000,0x002c0000)]

Stack: [0x00270000,0x002c0000],  sp=0x002bf86c,  free space=318k
Native frames: (J=compiled Java code, j=interpreted, Vv=VM code, C=native code)
V  [jvm.dll+0x13373a]
V  [jvm.dll+0x12e6db]
V  [jvm.dll+0x163ae]
V  [jvm.dll+0x17bdf]
V  [jvm.dll+0x26cc5]
V  [jvm.dll+0x27506]
V  [jvm.dll+0x278b5]
V  [jvm.dll+0x27949]
V  [jvm.dll+0x27a0c]
V  [jvm.dll+0x27a8a]
V  [jvm.dll+0x27b6d]
V  [jvm.dll+0x27e39]
V  [jvm.dll+0x6c483]
V  [jvm.dll+0x6c85c]
V  [jvm.dll+0xf9c5c]
V  [jvm.dll+0x11861b]
V  [jvm.dll+0x9ec20]
C  [javaw.exe+0x1657]
C  [javaw.exe+0x1e2c]
C  [javaw.exe+0x8614]
C  [kernel32.dll+0x1338a]  BaseThreadInitThunk+0x12
C  [ntdll.dll+0x39f72]  RtlInitializeExceptionChain+0x63
C  [ntdll.dll+0x39f45]  RtlInitializeExceptionChain+0x36


---------------  P R O C E S S  ---------------

Java Threads: ( => current thread )

Other Threads:

=>0x0204a000 (exited) JavaThread "Unknown thread" [_thread_in_vm, id=4588, stack(0x00270000,0x002c0000)]

VM state:not at safepoint (not fully initialized)

VM Mutex/Monitor currently owned by a thread: None

Dynamic libraries:
0x00400000 - 0x00425000 	C:\java\jre6\bin\javaw.exe
0x77520000 - 0x776a0000 	C:\Windows\SysWOW64\ntdll.dll
0x75dc0000 - 0x75ed0000 	C:\Windows\syswow64\kernel32.dll
0x76270000 - 0x762b7000 	C:\Windows\syswow64\KERNELBASE.dll
0x75040000 - 0x750e0000 	C:\Windows\syswow64\ADVAPI32.dll
0x75f60000 - 0x7600c000 	C:\Windows\syswow64\msvcrt.dll
0x76de0000 - 0x76df9000 	C:\Windows\SysWOW64\sechost.dll
0x76310000 - 0x76400000 	C:\Windows\syswow64\RPCRT4.dll
0x74f10000 - 0x74f70000 	C:\Windows\syswow64\SspiCli.dll
0x74f00000 - 0x74f0c000 	C:\Windows\syswow64\CRYPTBASE.dll
0x76950000 - 0x76a50000 	C:\Windows\syswow64\USER32.dll
0x74fb0000 - 0x75040000 	C:\Windows\syswow64\GDI32.dll
0x76a50000 - 0x76a5a000 	C:\Windows\syswow64\LPK.dll
0x76530000 - 0x765cd000 	C:\Windows\syswow64\USP10.dll
0x76850000 - 0x768b0000 	C:\Windows\system32\IMM32.DLL
0x760e0000 - 0x761ac000 	C:\Windows\syswow64\MSCTF.dll
0x7c340000 - 0x7c396000 	C:\java\jre6\bin\msvcr71.dll
0x6d7f0000 - 0x6da9f000 	C:\java\jre6\bin\client\jvm.dll
0x71cf0000 - 0x71d22000 	C:\Windows\system32\WINMM.dll
0x717b0000 - 0x717fc000 	C:\Windows\system32\apphelp.dll
0x6d7a0000 - 0x6d7ac000 	C:\java\jre6\bin\verify.dll
0x6d320000 - 0x6d33f000 	C:\java\jre6\bin\java.dll
0x6d7e0000 - 0x6d7ef000 	C:\java\jre6\bin\zip.dll
0x76300000 - 0x76305000 	C:\Windows\system32\PSAPI.DLL

VM Arguments:
jvm_args: -Dfile.encoding=UTF8 -Xbootclasspath:C:\Users\Sguir\AppData\Local\Android\android-sdk\platforms\android-20\android.jar 
java_command: org.eclipse.jdt.internal.junit.runner.RemoteTestRunner -version 3 -port 56159 -testLoaderClass org.eclipse.jdt.internal.junit4.runner.JUnit4TestLoader -loaderpluginname org.eclipse.jdt.junit4.runtime -classNames com.example.ematest.ReceiveUTest
Launcher Type: SUN_STANDARD

Environment Variables:
JAVA_HOME=c:\Program Files\Java\jdk1.6.0_37
PATH=c:/Program Files/Java/jdk1.6.0_37/bin/../jre/bin/server;c:/Program Files/Java/jdk1.6.0_37/bin/../jre/bin;c:/Program Files/Java/jdk1.6.0_37/bin/../jre/lib/amd64;c:\Program Files\Java\jdk1.6.0_37\bin;C:\Program Files (x86)\MiKTeX 2.9\miktex\bin;C:\Program Files\Common Files\Microsoft Shared\Windows Live;C:\Program Files (x86)\Common Files\Microsoft Shared\Windows Live;c:\Program Files (x86)\AMD APP\bin\x86_64;c:\Program Files (x86)\AMD APP\bin\x86;C:\Program Files\Dell\DW WLAN Card;c:\Program Files (x86)\Intel\iCLS Client\;c:\Program Files\Intel\iCLS Client\;C:\Windows\system32;C:\Windows;C:\Windows\System32\Wbem;C:\Windows\System32\WindowsPowerShell\v1.0\;c:\Program Files\WIDCOMM\Bluetooth Software\;c:\Program Files\WIDCOMM\Bluetooth Software\syswow64;c:\Program Files (x86)\ATI Technologies\ATI.ACE\Core-Static;C:\Program Files (x86)\Windows Live\Shared;C:\MinGW\bin;C:\MinGW\msys\1.0\bin\;C:\Program Files\TortoiseSVN\bin;C:\Program Files (x86)\Groovy\Groovy-2.0.5\bin;C:\Program Files (x86)\MPICH2\bin;C:\Program Files (x86)\CMake 2.8\bin;C:\D\school\Latex\Batches;C:\Program Files (x86)\Git\cmd;C:\Program Files\OpenVPN\bin;C:\Program Files (x86)\apache-maven-3.1.1\bin;C:\Program Files (x86)\BaseX\bin;C:\Program Files\nodejs\;C:\Users\Sguir\AppData\Roaming\npm;C:\Program Files (x86)\eclipse;
USERNAME=Sguir
OS=Windows_NT
PROCESSOR_IDENTIFIER=Intel64 Family 6 Model 58 Stepping 9, GenuineIntel



---------------  S Y S T E M  ---------------

OS: Windows 7 , 64 bit Build 7601 Service Pack 1

CPU:total 4 (2 cores per cpu, 2 threads per core) family 6 model 58 stepping 9, cmov, cx8, fxsr, mmx, sse, sse2, sse3, ssse3, sse4.1, sse4.2, popcnt, ht

Memory: 4k page, physical 6191468k(2755844k free), swap 12381072k(7931368k free)

vm_info: Java HotSpot(TM) Client VM (20.7-b02) for windows-x86 JRE (1.6.0_32-b05), built on Apr  5 2012 13:50:34 by "java_re" with MS VC++ 7.1 (VS2003)

time: Thu Oct 16 21:15:41 2014
elapsed time: 0 seconds

